<?xml version="1.0" encoding="UTF-8"?>
<!-- Generated by org.testng.reporters.JUnitReportReporter -->
<testsuite hostname="L-INE-FZR4PL3" failures="0" tests="2" name="com.testCase.Login" time="5.172" errors="0" timestamp="2024-01-23T14:13:53 IST" skipped="0">
  <testcase classname="com.testCase.Login" name="clickOnLogin" time="5.165"/>
  <testcase classname="com.testCase.Login" name="FailTest" time="0.007"/>
</testsuite> <!-- com.testCase.Login -->
